Arguments: 
  /usr/local/bin/node /usr/share/yarn/bin/yarn.js add sqlite3

PATH: 
  /home/james/bin:/home/james/.local/bin:/usr/local/sbin:/usr/local/bin:/usr/sbin:/usr/bin:/sbin:/bin:/usr/games:/usr/local/games:/mnt/c/Program Files (x86)/NVIDIA Corporation/PhysX/Common:/mnt/c/ProgramData/Oracle/Java/javapath_target_461254203:/mnt/c/Windows/System32:/mnt/c/Windows:/mnt/c/Windows/System32/wbem:/mnt/c/Windows/System32/WindowsPowerShell/v1.0:/mnt/c/Program Files (x86)/ATI Technologies/ATI.ACE/Core-Static:/mnt/c/Program Files (x86)/Skype/Phone:/mnt/c/Program Files/Git/cmd:/mnt/c/Program Files/Genymobile/Genymotion/tools:/mnt/c/Program Files/nodejs:/mnt/c/Users/james/AppData/Local/Programs/Python/Python36-32/Scripts:/mnt/c/Program Files (x86)/Microsoft VS Code/bin:/mnt/c/Program Files/Heroku/bin:/mnt/c/Users/james/AppData/Local/Microsoft/WindowsApps:/mnt/c/Users/james/AppData/Roaming/npm:/snap/bin

Yarn version: 
  1.5.1

Node version: 
  9.11.1

Platform: 
  linux x64

npm manifest: 
  {
    "name": "10_project",
    "version": "1.0.0",
    "description": "A quiz webapp made with react and express",
    "main": "index.js",
    "scripts": {
      "test": "jest",
      "start": "node ./src/express/index"
    },
    "author": "James Lounds",
    "license": "MIT",
    "devDependencies": {
      "eslint": "^4.19.1",
      "eslint-plugin-react": "^7.7.0"
    },
    "dependencies": {
      "bcrypt": "^2.0.1",
      "cookie-parser": "^1.4.3",
      "express": "^4.16.3",
      "hbs": "^4.0.1",
      "knex": "^0.14.6",
      "sqlite3": "^4.0.0"
    }
  }

yarn manifest: 
  No manifest

Lockfile: 
  No lockfile

Trace: 
  Error: ENOENT: no such file or directory, copyfile '/home/james/.cache/yarn/v1/npm-source-map-0.5.7-8a039d2d1021d22d1ea14c80d8ea468ba2ef3fcc/dist/source-map.min.js' -> '/mnt/c/Coding/Node/10_project/node_modules/source-map/dist/source-map.min.js'
